build/intermediates/manifest_merge_blame_file/release/manifest-merger-blame-release-report.txt
1<?xml version="1.0" encoding="utf-8"?>
2<manifest xmlns:android="http://schemas.android.com/apk/res/android"
3    package="com.cybernibras.clicker"
4    android:installLocation="auto"
5    android:versionCode="3"
6    android:versionName="1.0.0" >
7
8    <uses-sdk
9        android:minSdkVersion="24"
10        android:targetSdkVersion="34" />
11
12    <supports-screens
12-->android\build\AndroidManifest.xml:8:5-12:40
13        android:largeScreens="true"
13-->android\build\AndroidManifest.xml:11:9-36
14        android:normalScreens="true"
14-->android\build\AndroidManifest.xml:10:9-37
15        android:smallScreens="true"
15-->android\build\AndroidManifest.xml:9:9-36
16        android:xlargeScreens="true" />
16-->android\build\AndroidManifest.xml:12:9-37
17
18    <uses-feature
18-->android\build\AndroidManifest.xml:14:5-16:35
19        android:glEsVersion="0x00030000"
19-->android\build\AndroidManifest.xml:15:9-41
20        android:required="true" />
20-->android\build\AndroidManifest.xml:16:9-32
21
22    <uses-permission android:name="android.permission.FORCE_BACK" />
22-->src\release\AndroidManifest.xml:11:5-69
22-->src\release\AndroidManifest.xml:11:22-66
23
24    <application
24-->android\build\AndroidManifest.xml:18:5-56:19
25        android:allowBackup="false"
25-->android\build\AndroidManifest.xml:20:9-36
26        android:appCategory="game"
26-->android\build\AndroidManifest.xml:22:9-35
27        android:appComponentFactory="androidx.core.app.CoreComponentFactory"
27-->[androidx.core:core:1.8.0] AndroidManifest.xml:24:18-86
28        android:extractNativeLibs="true"
29        android:hasFragileUserData="false"
29-->android\build\AndroidManifest.xml:24:9-43
30        android:icon="@mipmap/icon"
30-->android\build\AndroidManifest.xml:21:9-36
31        android:isGame="true"
31-->android\build\AndroidManifest.xml:23:9-30
32        android:label="@string/godot_project_name_string"
32-->android\build\AndroidManifest.xml:19:9-58
33        android:requestLegacyExternalStorage="false" >
33-->android\build\AndroidManifest.xml:25:9-53
34        <activity
34-->android\build\AndroidManifest.xml:37:9-54:20
35            android:name="com.godot.game.GodotApp"
35-->android\build\AndroidManifest.xml:38:13-37
36            android:configChanges="orientation|keyboardHidden|screenSize|smallestScreenSize|density|keyboard|navigation|screenLayout|uiMode"
36-->android\build\AndroidManifest.xml:45:13-141
37            android:excludeFromRecents="false"
37-->android\build\AndroidManifest.xml:42:13-47
38            android:exported="true"
38-->android\build\AndroidManifest.xml:43:13-36
39            android:label="@string/godot_project_name_string"
39-->android\build\AndroidManifest.xml:39:13-62
40            android:launchMode="singleInstancePerTask"
40-->android\build\AndroidManifest.xml:41:13-55
41            android:resizeableActivity="true"
41-->android\build\AndroidManifest.xml:46:13-47
42            android:screenOrientation="userPortrait"
42-->android\build\AndroidManifest.xml:44:13-50
43            android:theme="@style/GodotAppSplashTheme" >
43-->android\build\AndroidManifest.xml:40:13-55
44            <intent-filter>
44-->android\build\AndroidManifest.xml:49:13-53:29
45                <action android:name="android.intent.action.MAIN" />
45-->android\build\AndroidManifest.xml:50:17-69
45-->android\build\AndroidManifest.xml:50:25-66
46
47                <category android:name="android.intent.category.DEFAULT" />
47-->android\build\AndroidManifest.xml:51:17-76
47-->android\build\AndroidManifest.xml:51:27-73
48                <category android:name="android.intent.category.LAUNCHER" />
48-->android\build\AndroidManifest.xml:52:17-77
48-->android\build\AndroidManifest.xml:52:27-74
49            </intent-filter>
50        </activity>
51
52        <profileable
52-->android\build\AndroidManifest.xml:27:9-30:36
53            android:enabled="true"
53-->android\build\AndroidManifest.xml:29:13-35
54            android:shell="true" /> <!-- Records the version of the Godot editor used for building -->
54-->android\build\AndroidManifest.xml:28:13-33
55        <meta-data
56            android:name="org.godotengine.editor.version"
57            android:value="4.3.stable" /> <!-- Records the version of the Godot library -->
58        <meta-data
58-->[godot-lib.template_release.aar] AndroidManifest.xml:12:9-14:44
59            android:name="org.godotengine.library.version"
59-->[godot-lib.template_release.aar] AndroidManifest.xml:13:13-59
60            android:value="4.3.0.stable" />
60-->[godot-lib.template_release.aar] AndroidManifest.xml:14:13-41
61
62        <service android:name="org.godotengine.godot.GodotDownloaderService" />
62-->[godot-lib.template_release.aar] AndroidManifest.xml:16:9-80
62-->[godot-lib.template_release.aar] AndroidManifest.xml:16:18-77
63
64        <activity
64-->[godot-lib.template_release.aar] AndroidManifest.xml:18:9-22:75
65            android:name="org.godotengine.godot.utils.ProcessPhoenix"
65-->[godot-lib.template_release.aar] AndroidManifest.xml:19:13-70
66            android:exported="false"
66-->[godot-lib.template_release.aar] AndroidManifest.xml:20:13-37
67            android:process=":phoenix"
67-->[godot-lib.template_release.aar] AndroidManifest.xml:21:13-39
68            android:theme="@android:style/Theme.Translucent.NoTitleBar" />
68-->[godot-lib.template_release.aar] AndroidManifest.xml:22:13-72
69
70        <provider
70-->[godot-lib.template_release.aar] AndroidManifest.xml:24:9-32:20
71            android:name="androidx.core.content.FileProvider"
71-->[godot-lib.template_release.aar] AndroidManifest.xml:25:13-62
72            android:authorities="com.cybernibras.clicker.fileprovider"
72-->[godot-lib.template_release.aar] AndroidManifest.xml:26:13-64
73            android:exported="false"
73-->[godot-lib.template_release.aar] AndroidManifest.xml:27:13-37
74            android:grantUriPermissions="true" >
74-->[godot-lib.template_release.aar] AndroidManifest.xml:28:13-47
75            <meta-data
75-->[godot-lib.template_release.aar] AndroidManifest.xml:29:13-31:64
76                android:name="android.support.FILE_PROVIDER_PATHS"
76-->[godot-lib.template_release.aar] AndroidManifest.xml:30:17-67
77                android:resource="@xml/godot_provider_paths" />
77-->[godot-lib.template_release.aar] AndroidManifest.xml:31:17-61
78        </provider>
79        <provider
79-->[androidx.profileinstaller:profileinstaller:1.3.1] AndroidManifest.xml:24:9-32:20
80            android:name="androidx.startup.InitializationProvider"
80-->[androidx.profileinstaller:profileinstaller:1.3.1] AndroidManifest.xml:25:13-67
81            android:authorities="com.cybernibras.clicker.androidx-startup"
81-->[androidx.profileinstaller:profileinstaller:1.3.1] AndroidManifest.xml:26:13-68
82            android:exported="false" >
82-->[androidx.profileinstaller:profileinstaller:1.3.1] AndroidManifest.xml:27:13-37
83            <meta-data
83-->[androidx.profileinstaller:profileinstaller:1.3.1] AndroidManifest.xml:29:13-31:52
84                android:name="androidx.profileinstaller.ProfileInstallerInitializer"
84-->[androidx.profileinstaller:profileinstaller:1.3.1] AndroidManifest.xml:30:17-85
85                android:value="androidx.startup" />
85-->[androidx.profileinstaller:profileinstaller:1.3.1] AndroidManifest.xml:31:17-49
86        </provider>
87
88        <receiver
88-->[androidx.profileinstaller:profileinstaller:1.3.1] AndroidManifest.xml:34:9-52:20
89            android:name="androidx.profileinstaller.ProfileInstallReceiver"
89-->[androidx.profileinstaller:profileinstaller:1.3.1] AndroidManifest.xml:35:13-76
90            android:directBootAware="false"
90-->[androidx.profileinstaller:profileinstaller:1.3.1] AndroidManifest.xml:36:13-44
91            android:enabled="true"
91-->[androidx.profileinstaller:profileinstaller:1.3.1] AndroidManifest.xml:37:13-35
92            android:exported="true"
92-->[androidx.profileinstaller:profileinstaller:1.3.1] AndroidManifest.xml:38:13-36
93            android:permission="android.permission.DUMP" >
93-->[androidx.profileinstaller:profileinstaller:1.3.1] AndroidManifest.xml:39:13-57
94            <intent-filter>
94-->[androidx.profileinstaller:profileinstaller:1.3.1] AndroidManifest.xml:40:13-42:29
95                <action android:name="androidx.profileinstaller.action.INSTALL_PROFILE" />
95-->[androidx.profileinstaller:profileinstaller:1.3.1] AndroidManifest.xml:41:17-91
95-->[androidx.profileinstaller:profileinstaller:1.3.1] AndroidManifest.xml:41:25-88
96            </intent-filter>
97            <intent-filter>
97-->[androidx.profileinstaller:profileinstaller:1.3.1] AndroidManifest.xml:43:13-45:29
98                <action android:name="androidx.profileinstaller.action.SKIP_FILE" />
98-->[androidx.profileinstaller:profileinstaller:1.3.1] AndroidManifest.xml:44:17-85
98-->[androidx.profileinstaller:profileinstaller:1.3.1] AndroidManifest.xml:44:25-82
99            </intent-filter>
100            <intent-filter>
100-->[androidx.profileinstaller:profileinstaller:1.3.1] AndroidManifest.xml:46:13-48:29
101                <action android:name="androidx.profileinstaller.action.SAVE_PROFILE" />
101-->[androidx.profileinstaller:profileinstaller:1.3.1] AndroidManifest.xml:47:17-88
101-->[androidx.profileinstaller:profileinstaller:1.3.1] AndroidManifest.xml:47:25-85
102            </intent-filter>
103            <intent-filter>
103-->[androidx.profileinstaller:profileinstaller:1.3.1] AndroidManifest.xml:49:13-51:29
104                <action android:name="androidx.profileinstaller.action.BENCHMARK_OPERATION" />
104-->[androidx.profileinstaller:profileinstaller:1.3.1] AndroidManifest.xml:50:17-95
104-->[androidx.profileinstaller:profileinstaller:1.3.1] AndroidManifest.xml:50:25-92
105            </intent-filter>
106        </receiver>
107    </application>
108
109</manifest>